LFMM  Copyright (C) 2012 Eric Frichot
This program comes with ABSOLUTELY NO WARRANTY; for details type './LFMM -l'.
This is free software, and you are welcome to redistribute it
under certain conditions; type './LFMM -l' for details.

****                         LFMM Version 1.3                                   *****
****           E. Frichot, S. Schoville, G. Bouchard, O. Francois               *****
****                         Please cite our paper !                            *****
****   Information at http://membres-timc.imag.fr/Olivier.Francois/lfmm/        *****

/home/contrera/soft/LFMM_CL_v1.5/bin/LFMM -x SBCC_9K_LFMM.imputed.tr.tsv -v SBCC_environfile.tr.tsv -K 8 -p 5 -i 50000 -b 25000 -s 23456 -o SBCC_9K_LFMM.rep2 
Summary of the options:

        -n (number of individuals)      135
        -L (number of loci)             6128
        -K (number of latent factors)   8
        -o (output file)                SBCC_9K_LFMM.rep2
        -i (number of iterations)       50000
        -b (burnin)                     25000
        -s (seed random init)           23456
        -p (number of processes (CPU))  5
        -x (genotype file)              SBCC_9K_LFMM.imputed.tr.tsv
        -v (variable file)              SBCC_environfile.tr.tsv
        -D (number of covariables)      21

Read variable file:
 	SBCC_environfile.tr.tsv		OK.

WARNING: You launched LFMM command line with several variables. The model will be
	launched sequentially (independently) for each variable.

Read genotype file:
 	SBCC_9K_LFMM.imputed.tr.tsv		OK.

<<<<
	 Analyse for variable 1

		Start of the Gibbs Sampler algorithm.

	[                                                                           ]
	[===========================================================================]

		End of the Gibbs Sampler algorithm.

	ED:827282.3145	 DIC: 827236.7958 

	The statistics for the run are registered in:
 		SBCC_9K_LFMM.rep2_s1.8.dic.

	The zscores for variable 1 are registered in:
 		SBCC_9K_LFMM.rep2_s1.8.zscore.
	The columns are: zscores, -log10(p-values), p-values.

	-------------------------
	The execution for variable 1 worked without error.
>>>>


<<<<
	 Analyse for variable 2

		Start of the Gibbs Sampler algorithm.

	[                                                                           ]
	[===========================================================================]

		End of the Gibbs Sampler algorithm.

	ED:827315.4035	 DIC: 827323.5702 

	The statistics for the run are registered in:
 		SBCC_9K_LFMM.rep2_s2.8.dic.

	The zscores for variable 2 are registered in:
 		SBCC_9K_LFMM.rep2_s2.8.zscore.
	The columns are: zscores, -log10(p-values), p-values.

	-------------------------
	The execution for variable 2 worked without error.
>>>>


<<<<
	 Analyse for variable 3

		Start of the Gibbs Sampler algorithm.

	[                                                                           ]
	[===========================================================================]

		End of the Gibbs Sampler algorithm.

	ED:827315.3823	 DIC: 827333.8209 

	The statistics for the run are registered in:
 		SBCC_9K_LFMM.rep2_s3.8.dic.

	The zscores for variable 3 are registered in:
 		SBCC_9K_LFMM.rep2_s3.8.zscore.
	The columns are: zscores, -log10(p-values), p-values.

	-------------------------
	The execution for variable 3 worked without error.
>>>>


<<<<
	 Analyse for variable 4

		Start of the Gibbs Sampler algorithm.

	[                                                                           ]
	[===========================================================================]

		End of the Gibbs Sampler algorithm.

	ED:827315.4144	 DIC: 827332.5624 

	The statistics for the run are registered in:
 		SBCC_9K_LFMM.rep2_s4.8.dic.

	The zscores for variable 4 are registered in:
 		SBCC_9K_LFMM.rep2_s4.8.zscore.
	The columns are: zscores, -log10(p-values), p-values.

	-------------------------
	The execution for variable 4 worked without error.
>>>>


<<<<
	 Analyse for variable 5

		Start of the Gibbs Sampler algorithm.

	[                                                                           ]
	[===========================================================================]

		End of the Gibbs Sampler algorithm.

	ED:827315.3596	 DIC: 827340.9012 

	The statistics for the run are registered in:
 		SBCC_9K_LFMM.rep2_s5.8.dic.

	The zscores for variable 5 are registered in:
 		SBCC_9K_LFMM.rep2_s5.8.zscore.
	The columns are: zscores, -log10(p-values), p-values.

	-------------------------
	The execution for variable 5 worked without error.
>>>>


<<<<
	 Analyse for variable 6

		Start of the Gibbs Sampler algorithm.

	[                                                                           ]
	[===========================================================================]

		End of the Gibbs Sampler algorithm.

	ED:827315.414	 DIC: 827337.418 

	The statistics for the run are registered in:
 		SBCC_9K_LFMM.rep2_s6.8.dic.

	The zscores for variable 6 are registered in:
 		SBCC_9K_LFMM.rep2_s6.8.zscore.
	The columns are: zscores, -log10(p-values), p-values.

	-------------------------
	The execution for variable 6 worked without error.
>>>>


<<<<
	 Analyse for variable 7

		Start of the Gibbs Sampler algorithm.

	[                                                                           ]
	[===========================================================================]

		End of the Gibbs Sampler algorithm.

	ED:827315.3534	 DIC: 827333.1444 

	The statistics for the run are registered in:
 		SBCC_9K_LFMM.rep2_s7.8.dic.

	The zscores for variable 7 are registered in:
 		SBCC_9K_LFMM.rep2_s7.8.zscore.
	The columns are: zscores, -log10(p-values), p-values.

	-------------------------
	The execution for variable 7 worked without error.
>>>>


<<<<
	 Analyse for variable 8

		Start of the Gibbs Sampler algorithm.

	[                                                                           ]
	[===========================================================================]

		End of the Gibbs Sampler algorithm.

	ED:827315.3574	 DIC: 827340.2993 

	The statistics for the run are registered in:
 		SBCC_9K_LFMM.rep2_s8.8.dic.

	The zscores for variable 8 are registered in:
 		SBCC_9K_LFMM.rep2_s8.8.zscore.
	The columns are: zscores, -log10(p-values), p-values.

	-------------------------
	The execution for variable 8 worked without error.
>>>>


<<<<
	 Analyse for variable 9

		Start of the Gibbs Sampler algorithm.

	[                                                                           ]
	[===========================================================================]

		End of the Gibbs Sampler algorithm.

	ED:827315.4156	 DIC: 827302.1024 

	The statistics for the run are registered in:
 		SBCC_9K_LFMM.rep2_s9.8.dic.

	The zscores for variable 9 are registered in:
 		SBCC_9K_LFMM.rep2_s9.8.zscore.
	The columns are: zscores, -log10(p-values), p-values.

	-------------------------
	The execution for variable 9 worked without error.
>>>>


<<<<
	 Analyse for variable 10

		Start of the Gibbs Sampler algorithm.

	[                                                                           ]
	[===========================================================================]

		End of the Gibbs Sampler algorithm.

	ED:827315.3893	 DIC: 827338.4656 

	The statistics for the run are registered in:
 		SBCC_9K_LFMM.rep2_s10.8.dic.

	The zscores for variable 10 are registered in:
 		SBCC_9K_LFMM.rep2_s10.8.zscore.
	The columns are: zscores, -log10(p-values), p-values.

	-------------------------
	The execution for variable 10 worked without error.
>>>>


<<<<
	 Analyse for variable 11

		Start of the Gibbs Sampler algorithm.

	[                                                                           ]
	[===========================================================================]

		End of the Gibbs Sampler algorithm.

	ED:827315.3626	 DIC: 827340.7469 

	The statistics for the run are registered in:
 		SBCC_9K_LFMM.rep2_s11.8.dic.

	The zscores for variable 11 are registered in:
 		SBCC_9K_LFMM.rep2_s11.8.zscore.
	The columns are: zscores, -log10(p-values), p-values.

	-------------------------
	The execution for variable 11 worked without error.
>>>>


<<<<
	 Analyse for variable 12

		Start of the Gibbs Sampler algorithm.

	[                                                                           ]
	[===========================================================================]

		End of the Gibbs Sampler algorithm.

	ED:827315.4416	 DIC: 827336.6883 

	The statistics for the run are registered in:
 		SBCC_9K_LFMM.rep2_s12.8.dic.

	The zscores for variable 12 are registered in:
 		SBCC_9K_LFMM.rep2_s12.8.zscore.
	The columns are: zscores, -log10(p-values), p-values.

	-------------------------
	The execution for variable 12 worked without error.
>>>>


<<<<
	 Analyse for variable 13

		Start of the Gibbs Sampler algorithm.

	[                                                                           ]
	[===========================================================================]

		End of the Gibbs Sampler algorithm.

	ED:827315.3947	 DIC: 827328.0314 

	The statistics for the run are registered in:
 		SBCC_9K_LFMM.rep2_s13.8.dic.

	The zscores for variable 13 are registered in:
 		SBCC_9K_LFMM.rep2_s13.8.zscore.
	The columns are: zscores, -log10(p-values), p-values.

	-------------------------
	The execution for variable 13 worked without error.
>>>>


<<<<
	 Analyse for variable 14

		Start of the Gibbs Sampler algorithm.

	[                                                                           ]
	[===========================================================================]

		End of the Gibbs Sampler algorithm.

	ED:827315.4326	 DIC: 827337.1074 

	The statistics for the run are registered in:
 		SBCC_9K_LFMM.rep2_s14.8.dic.

	The zscores for variable 14 are registered in:
 		SBCC_9K_LFMM.rep2_s14.8.zscore.
	The columns are: zscores, -log10(p-values), p-values.

	-------------------------
	The execution for variable 14 worked without error.
>>>>


<<<<
	 Analyse for variable 15

		Start of the Gibbs Sampler algorithm.

	[                                                                           ]
	[===========================================================================]

		End of the Gibbs Sampler algorithm.

	ED:827315.3861	 DIC: 827295.3587 

	The statistics for the run are registered in:
 		SBCC_9K_LFMM.rep2_s15.8.dic.

	The zscores for variable 15 are registered in:
 		SBCC_9K_LFMM.rep2_s15.8.zscore.
	The columns are: zscores, -log10(p-values), p-values.

	-------------------------
	The execution for variable 15 worked without error.
>>>>


<<<<
	 Analyse for variable 16

		Start of the Gibbs Sampler algorithm.

	[                                                                           ]
	[===========================================================================]

		End of the Gibbs Sampler algorithm.

	ED:827315.4463	 DIC: 827294.575 

	The statistics for the run are registered in:
 		SBCC_9K_LFMM.rep2_s16.8.dic.

	The zscores for variable 16 are registered in:
 		SBCC_9K_LFMM.rep2_s16.8.zscore.
	The columns are: zscores, -log10(p-values), p-values.

	-------------------------
	The execution for variable 16 worked without error.
>>>>


<<<<
	 Analyse for variable 17

		Start of the Gibbs Sampler algorithm.

	[                                                                           ]
	[===========================================================================]

		End of the Gibbs Sampler algorithm.

	ED:827315.4135	 DIC: 827268.7403 

	The statistics for the run are registered in:
 		SBCC_9K_LFMM.rep2_s17.8.dic.

	The zscores for variable 17 are registered in:
 		SBCC_9K_LFMM.rep2_s17.8.zscore.
	The columns are: zscores, -log10(p-values), p-values.

	-------------------------
	The execution for variable 17 worked without error.
>>>>


<<<<
	 Analyse for variable 18

		Start of the Gibbs Sampler algorithm.

	[                                                                           ]
	[===========================================================================]

		End of the Gibbs Sampler algorithm.

	ED:827315.3773	 DIC: 827321.737 

	The statistics for the run are registered in:
 		SBCC_9K_LFMM.rep2_s18.8.dic.

	The zscores for variable 18 are registered in:
 		SBCC_9K_LFMM.rep2_s18.8.zscore.
	The columns are: zscores, -log10(p-values), p-values.

	-------------------------
	The execution for variable 18 worked without error.
>>>>


<<<<
	 Analyse for variable 19

		Start of the Gibbs Sampler algorithm.

	[                                                                           ]
	[===========================================================================]

		End of the Gibbs Sampler algorithm.

	ED:827315.4174	 DIC: 827334.2774 

	The statistics for the run are registered in:
 		SBCC_9K_LFMM.rep2_s19.8.dic.

	The zscores for variable 19 are registered in:
 		SBCC_9K_LFMM.rep2_s19.8.zscore.
	The columns are: zscores, -log10(p-values), p-values.

	-------------------------
	The execution for variable 19 worked without error.
>>>>


<<<<
	 Analyse for variable 20

		Start of the Gibbs Sampler algorithm.

	[                                                                           ]
	[===========================================================================]

		End of the Gibbs Sampler algorithm.

	ED:827315.3884	 DIC: 827268.5095 

	The statistics for the run are registered in:
 		SBCC_9K_LFMM.rep2_s20.8.dic.

	The zscores for variable 20 are registered in:
 		SBCC_9K_LFMM.rep2_s20.8.zscore.
	The columns are: zscores, -log10(p-values), p-values.

	-------------------------
	The execution for variable 20 worked without error.
>>>>


<<<<
	 Analyse for variable 21

		Start of the Gibbs Sampler algorithm.

	[                                                                           ]
	[===========================================================================]

		End of the Gibbs Sampler algorithm.

	ED:827315.4381	 DIC: 827276.4043 

	The statistics for the run are registered in:
 		SBCC_9K_LFMM.rep2_s21.8.dic.

	The zscores for variable 21 are registered in:
 		SBCC_9K_LFMM.rep2_s21.8.zscore.
	The columns are: zscores, -log10(p-values), p-values.

	-------------------------
	The execution for variable 21 worked without error.
>>>>

