LFMM  Copyright (C) 2012 Eric Frichot
This program comes with ABSOLUTELY NO WARRANTY; for details type './LFMM -l'.
This is free software, and you are welcome to redistribute it
under certain conditions; type './LFMM -l' for details.

****                         LFMM Version 1.3                                   *****
****           E. Frichot, S. Schoville, G. Bouchard, O. Francois               *****
****                         Please cite our paper !                            *****
****   Information at http://membres-timc.imag.fr/Olivier.Francois/lfmm/        *****

/home/contrera/soft/LFMM_CL_v1.5/bin/LFMM -x SBCC_9K_LFMM.imputed.tr.tsv -v SBCC_environfile.tr.tsv -K 8 -p 5 -i 50000 -b 25000 -s 12345 -o SBCC_9K_LFMM.rep1 
Summary of the options:

        -n (number of individuals)      135
        -L (number of loci)             6128
        -K (number of latent factors)   8
        -o (output file)                SBCC_9K_LFMM.rep1
        -i (number of iterations)       50000
        -b (burnin)                     25000
        -s (seed random init)           12345
        -p (number of processes (CPU))  5
        -x (genotype file)              SBCC_9K_LFMM.imputed.tr.tsv
        -v (variable file)              SBCC_environfile.tr.tsv
        -D (number of covariables)      21

Read variable file:
 	SBCC_environfile.tr.tsv		OK.

WARNING: You launched LFMM command line with several variables. The model will be
	launched sequentially (independently) for each variable.

Read genotype file:
 	SBCC_9K_LFMM.imputed.tr.tsv		OK.

<<<<
	 Analyse for variable 1

		Start of the Gibbs Sampler algorithm.

	[                                                                           ]
	[===========================================================================]

		End of the Gibbs Sampler algorithm.

	ED:827282.2999	 DIC: 827268.5184 

	The statistics for the run are registered in:
 		SBCC_9K_LFMM.rep1_s1.8.dic.

	The zscores for variable 1 are registered in:
 		SBCC_9K_LFMM.rep1_s1.8.zscore.
	The columns are: zscores, -log10(p-values), p-values.

	-------------------------
	The execution for variable 1 worked without error.
>>>>


<<<<
	 Analyse for variable 2

		Start of the Gibbs Sampler algorithm.

	[                                                                           ]
	[===========================================================================]

		End of the Gibbs Sampler algorithm.

	ED:827315.4132	 DIC: 827270.3538 

	The statistics for the run are registered in:
 		SBCC_9K_LFMM.rep1_s2.8.dic.

	The zscores for variable 2 are registered in:
 		SBCC_9K_LFMM.rep1_s2.8.zscore.
	The columns are: zscores, -log10(p-values), p-values.

	-------------------------
	The execution for variable 2 worked without error.
>>>>


<<<<
	 Analyse for variable 3

		Start of the Gibbs Sampler algorithm.

	[                                                                           ]
	[===========================================================================]

		End of the Gibbs Sampler algorithm.

	ED:827315.396	 DIC: 827335.0095 

	The statistics for the run are registered in:
 		SBCC_9K_LFMM.rep1_s3.8.dic.

	The zscores for variable 3 are registered in:
 		SBCC_9K_LFMM.rep1_s3.8.zscore.
	The columns are: zscores, -log10(p-values), p-values.

	-------------------------
	The execution for variable 3 worked without error.
>>>>


<<<<
	 Analyse for variable 4

		Start of the Gibbs Sampler algorithm.

	[                                                                           ]
	[===========================================================================]

		End of the Gibbs Sampler algorithm.

	ED:827315.4964	 DIC: 827265.0794 

	The statistics for the run are registered in:
 		SBCC_9K_LFMM.rep1_s4.8.dic.

	The zscores for variable 4 are registered in:
 		SBCC_9K_LFMM.rep1_s4.8.zscore.
	The columns are: zscores, -log10(p-values), p-values.

	-------------------------
	The execution for variable 4 worked without error.
>>>>


<<<<
	 Analyse for variable 5

		Start of the Gibbs Sampler algorithm.

	[                                                                           ]
	[===========================================================================]

		End of the Gibbs Sampler algorithm.

	ED:827315.3578	 DIC: 827340.4601 

	The statistics for the run are registered in:
 		SBCC_9K_LFMM.rep1_s5.8.dic.

	The zscores for variable 5 are registered in:
 		SBCC_9K_LFMM.rep1_s5.8.zscore.
	The columns are: zscores, -log10(p-values), p-values.

	-------------------------
	The execution for variable 5 worked without error.
>>>>


<<<<
	 Analyse for variable 6

		Start of the Gibbs Sampler algorithm.

	[                                                                           ]
	[===========================================================================]

		End of the Gibbs Sampler algorithm.

	ED:827315.3915	 DIC: 827337.5267 

	The statistics for the run are registered in:
 		SBCC_9K_LFMM.rep1_s6.8.dic.

	The zscores for variable 6 are registered in:
 		SBCC_9K_LFMM.rep1_s6.8.zscore.
	The columns are: zscores, -log10(p-values), p-values.

	-------------------------
	The execution for variable 6 worked without error.
>>>>


<<<<
	 Analyse for variable 7

		Start of the Gibbs Sampler algorithm.

	[                                                                           ]
	[===========================================================================]

		End of the Gibbs Sampler algorithm.

	ED:827315.4041	 DIC: 827335.8314 

	The statistics for the run are registered in:
 		SBCC_9K_LFMM.rep1_s7.8.dic.

	The zscores for variable 7 are registered in:
 		SBCC_9K_LFMM.rep1_s7.8.zscore.
	The columns are: zscores, -log10(p-values), p-values.

	-------------------------
	The execution for variable 7 worked without error.
>>>>


<<<<
	 Analyse for variable 8

		Start of the Gibbs Sampler algorithm.

	[                                                                           ]
	[===========================================================================]

		End of the Gibbs Sampler algorithm.

	ED:827315.4096	 DIC: 827275.0762 

	The statistics for the run are registered in:
 		SBCC_9K_LFMM.rep1_s8.8.dic.

	The zscores for variable 8 are registered in:
 		SBCC_9K_LFMM.rep1_s8.8.zscore.
	The columns are: zscores, -log10(p-values), p-values.

	-------------------------
	The execution for variable 8 worked without error.
>>>>


<<<<
	 Analyse for variable 9

		Start of the Gibbs Sampler algorithm.

	[                                                                           ]
	[===========================================================================]

		End of the Gibbs Sampler algorithm.

	ED:827315.4027	 DIC: 827328.3575 

	The statistics for the run are registered in:
 		SBCC_9K_LFMM.rep1_s9.8.dic.

	The zscores for variable 9 are registered in:
 		SBCC_9K_LFMM.rep1_s9.8.zscore.
	The columns are: zscores, -log10(p-values), p-values.

	-------------------------
	The execution for variable 9 worked without error.
>>>>


<<<<
	 Analyse for variable 10

		Start of the Gibbs Sampler algorithm.

	[                                                                           ]
	[===========================================================================]

		End of the Gibbs Sampler algorithm.

	ED:827315.4067	 DIC: 827309.0774 

	The statistics for the run are registered in:
 		SBCC_9K_LFMM.rep1_s10.8.dic.

	The zscores for variable 10 are registered in:
 		SBCC_9K_LFMM.rep1_s10.8.zscore.
	The columns are: zscores, -log10(p-values), p-values.

	-------------------------
	The execution for variable 10 worked without error.
>>>>


<<<<
	 Analyse for variable 11

		Start of the Gibbs Sampler algorithm.

	[                                                                           ]
	[===========================================================================]

		End of the Gibbs Sampler algorithm.

	ED:827315.4411	 DIC: 827315.2084 

	The statistics for the run are registered in:
 		SBCC_9K_LFMM.rep1_s11.8.dic.

	The zscores for variable 11 are registered in:
 		SBCC_9K_LFMM.rep1_s11.8.zscore.
	The columns are: zscores, -log10(p-values), p-values.

	-------------------------
	The execution for variable 11 worked without error.
>>>>


<<<<
	 Analyse for variable 12

		Start of the Gibbs Sampler algorithm.

	[                                                                           ]
	[===========================================================================]

		End of the Gibbs Sampler algorithm.

	ED:827315.4684	 DIC: 827203.6528 

	The statistics for the run are registered in:
 		SBCC_9K_LFMM.rep1_s12.8.dic.

	The zscores for variable 12 are registered in:
 		SBCC_9K_LFMM.rep1_s12.8.zscore.
	The columns are: zscores, -log10(p-values), p-values.

	-------------------------
	The execution for variable 12 worked without error.
>>>>


<<<<
	 Analyse for variable 13

		Start of the Gibbs Sampler algorithm.

	[                                                                           ]
	[===========================================================================]

		End of the Gibbs Sampler algorithm.

	ED: 827315.41	 DIC: 827320.5584 

	The statistics for the run are registered in:
 		SBCC_9K_LFMM.rep1_s13.8.dic.

	The zscores for variable 13 are registered in:
 		SBCC_9K_LFMM.rep1_s13.8.zscore.
	The columns are: zscores, -log10(p-values), p-values.

	-------------------------
	The execution for variable 13 worked without error.
>>>>


<<<<
	 Analyse for variable 14

		Start of the Gibbs Sampler algorithm.

	[                                                                           ]
	[===========================================================================]

		End of the Gibbs Sampler algorithm.

	ED:827315.3943	 DIC: 827332.9498 

	The statistics for the run are registered in:
 		SBCC_9K_LFMM.rep1_s14.8.dic.

	The zscores for variable 14 are registered in:
 		SBCC_9K_LFMM.rep1_s14.8.zscore.
	The columns are: zscores, -log10(p-values), p-values.

	-------------------------
	The execution for variable 14 worked without error.
>>>>


<<<<
	 Analyse for variable 15

		Start of the Gibbs Sampler algorithm.

	[                                                                           ]
	[===========================================================================]

		End of the Gibbs Sampler algorithm.

	ED:827315.4463	 DIC: 827298.1606 

	The statistics for the run are registered in:
 		SBCC_9K_LFMM.rep1_s15.8.dic.

	The zscores for variable 15 are registered in:
 		SBCC_9K_LFMM.rep1_s15.8.zscore.
	The columns are: zscores, -log10(p-values), p-values.

	-------------------------
	The execution for variable 15 worked without error.
>>>>


<<<<
	 Analyse for variable 16

		Start of the Gibbs Sampler algorithm.

	[                                                                           ]
	[===========================================================================]

		End of the Gibbs Sampler algorithm.

	ED:827315.3973	 DIC: 827336.9062 

	The statistics for the run are registered in:
 		SBCC_9K_LFMM.rep1_s16.8.dic.

	The zscores for variable 16 are registered in:
 		SBCC_9K_LFMM.rep1_s16.8.zscore.
	The columns are: zscores, -log10(p-values), p-values.

	-------------------------
	The execution for variable 16 worked without error.
>>>>


<<<<
	 Analyse for variable 17

		Start of the Gibbs Sampler algorithm.

	[                                                                           ]
	[===========================================================================]

		End of the Gibbs Sampler algorithm.

	ED:827315.4149	 DIC: 827249.9949 

	The statistics for the run are registered in:
 		SBCC_9K_LFMM.rep1_s17.8.dic.

	The zscores for variable 17 are registered in:
 		SBCC_9K_LFMM.rep1_s17.8.zscore.
	The columns are: zscores, -log10(p-values), p-values.

	-------------------------
	The execution for variable 17 worked without error.
>>>>


<<<<
	 Analyse for variable 18

		Start of the Gibbs Sampler algorithm.

	[                                                                           ]
	[===========================================================================]

		End of the Gibbs Sampler algorithm.

	ED:827315.3705	 DIC: 827304.7349 

	The statistics for the run are registered in:
 		SBCC_9K_LFMM.rep1_s18.8.dic.

	The zscores for variable 18 are registered in:
 		SBCC_9K_LFMM.rep1_s18.8.zscore.
	The columns are: zscores, -log10(p-values), p-values.

	-------------------------
	The execution for variable 18 worked without error.
>>>>


<<<<
	 Analyse for variable 19

		Start of the Gibbs Sampler algorithm.

	[                                                                           ]
	[===========================================================================]

		End of the Gibbs Sampler algorithm.

	ED:827315.4393	 DIC: 827310.8062 

	The statistics for the run are registered in:
 		SBCC_9K_LFMM.rep1_s19.8.dic.

	The zscores for variable 19 are registered in:
 		SBCC_9K_LFMM.rep1_s19.8.zscore.
	The columns are: zscores, -log10(p-values), p-values.

	-------------------------
	The execution for variable 19 worked without error.
>>>>


<<<<
	 Analyse for variable 20

		Start of the Gibbs Sampler algorithm.

	[                                                                           ]
	[===========================================================================]

		End of the Gibbs Sampler algorithm.

	ED:827315.4024	 DIC: 827285.1205 

	The statistics for the run are registered in:
 		SBCC_9K_LFMM.rep1_s20.8.dic.

	The zscores for variable 20 are registered in:
 		SBCC_9K_LFMM.rep1_s20.8.zscore.
	The columns are: zscores, -log10(p-values), p-values.

	-------------------------
	The execution for variable 20 worked without error.
>>>>


<<<<
	 Analyse for variable 21

		Start of the Gibbs Sampler algorithm.

	[                                                                           ]
	[===========================================================================]

		End of the Gibbs Sampler algorithm.

	ED:827315.4005	 DIC: 827307.7967 

	The statistics for the run are registered in:
 		SBCC_9K_LFMM.rep1_s21.8.dic.

	The zscores for variable 21 are registered in:
 		SBCC_9K_LFMM.rep1_s21.8.zscore.
	The columns are: zscores, -log10(p-values), p-values.

	-------------------------
	The execution for variable 21 worked without error.
>>>>

