LFMM  Copyright (C) 2012 Eric Frichot
This program comes with ABSOLUTELY NO WARRANTY; for details type './LFMM -l'.
This is free software, and you are welcome to redistribute it
under certain conditions; type './LFMM -l' for details.

****                         LFMM Version 1.3                                   *****
****           E. Frichot, S. Schoville, G. Bouchard, O. Francois               *****
****                         Please cite our paper !                            *****
****   Information at http://membres-timc.imag.fr/Olivier.Francois/lfmm/        *****

/home/contrera/soft/LFMM_CL_v1.5/bin/LFMM -x SBCC_9K_LFMM.imputed.tr.tsv -v SBCC_environfile.tr.tsv -K 4 -p 5 -i 50000 -b 25000 -s 56789 -o SBCC_9K_LFMM.rep5 
Summary of the options:

        -n (number of individuals)      135
        -L (number of loci)             6128
        -K (number of latent factors)   4
        -o (output file)                SBCC_9K_LFMM.rep5
        -i (number of iterations)       50000
        -b (burnin)                     25000
        -s (seed random init)           56789
        -p (number of processes (CPU))  5
        -x (genotype file)              SBCC_9K_LFMM.imputed.tr.tsv
        -v (variable file)              SBCC_environfile.tr.tsv
        -D (number of covariables)      21

Read variable file:
 	SBCC_environfile.tr.tsv		OK.

WARNING: You launched LFMM command line with several variables. The model will be
	launched sequentially (independently) for each variable.

Read genotype file:
 	SBCC_9K_LFMM.imputed.tr.tsv		OK.

<<<<
	 Analyse for variable 1

		Start of the Gibbs Sampler algorithm.

	[                                                                           ]
	[===========================================================================]

		End of the Gibbs Sampler algorithm.

	ED:827282.5158	 DIC: 827282.8945 

	The statistics for the run are registered in:
 		SBCC_9K_LFMM.rep5_s1.4.dic.

	The zscores for variable 1 are registered in:
 		SBCC_9K_LFMM.rep5_s1.4.zscore.
	The columns are: zscores, -log10(p-values), p-values.

	-------------------------
	The execution for variable 1 worked without error.
>>>>


<<<<
	 Analyse for variable 2

		Start of the Gibbs Sampler algorithm.

	[                                                                           ]
	[===========================================================================]

		End of the Gibbs Sampler algorithm.

	ED:827315.6023	 DIC: 827348.7804 

	The statistics for the run are registered in:
 		SBCC_9K_LFMM.rep5_s2.4.dic.

	The zscores for variable 2 are registered in:
 		SBCC_9K_LFMM.rep5_s2.4.zscore.
	The columns are: zscores, -log10(p-values), p-values.

	-------------------------
	The execution for variable 2 worked without error.
>>>>


<<<<
	 Analyse for variable 3

		Start of the Gibbs Sampler algorithm.

	[                                                                           ]
	[===========================================================================]

		End of the Gibbs Sampler algorithm.

	ED:827315.6054	 DIC: 827348.6244 

	The statistics for the run are registered in:
 		SBCC_9K_LFMM.rep5_s3.4.dic.

	The zscores for variable 3 are registered in:
 		SBCC_9K_LFMM.rep5_s3.4.zscore.
	The columns are: zscores, -log10(p-values), p-values.

	-------------------------
	The execution for variable 3 worked without error.
>>>>


<<<<
	 Analyse for variable 4

		Start of the Gibbs Sampler algorithm.

	[                                                                           ]
	[===========================================================================]

		End of the Gibbs Sampler algorithm.

	ED:827315.649	 DIC: 827350.5607 

	The statistics for the run are registered in:
 		SBCC_9K_LFMM.rep5_s4.4.dic.

	The zscores for variable 4 are registered in:
 		SBCC_9K_LFMM.rep5_s4.4.zscore.
	The columns are: zscores, -log10(p-values), p-values.

	-------------------------
	The execution for variable 4 worked without error.
>>>>


<<<<
	 Analyse for variable 5

		Start of the Gibbs Sampler algorithm.

	[                                                                           ]
	[===========================================================================]

		End of the Gibbs Sampler algorithm.

	ED:827315.5858	 DIC: 827348.8722 

	The statistics for the run are registered in:
 		SBCC_9K_LFMM.rep5_s5.4.dic.

	The zscores for variable 5 are registered in:
 		SBCC_9K_LFMM.rep5_s5.4.zscore.
	The columns are: zscores, -log10(p-values), p-values.

	-------------------------
	The execution for variable 5 worked without error.
>>>>


<<<<
	 Analyse for variable 6

		Start of the Gibbs Sampler algorithm.

	[                                                                           ]
	[===========================================================================]

		End of the Gibbs Sampler algorithm.

	ED:827315.6282	 DIC: 827349.0093 

	The statistics for the run are registered in:
 		SBCC_9K_LFMM.rep5_s6.4.dic.

	The zscores for variable 6 are registered in:
 		SBCC_9K_LFMM.rep5_s6.4.zscore.
	The columns are: zscores, -log10(p-values), p-values.

	-------------------------
	The execution for variable 6 worked without error.
>>>>


<<<<
	 Analyse for variable 7

		Start of the Gibbs Sampler algorithm.

	[                                                                           ]
	[===========================================================================]

		End of the Gibbs Sampler algorithm.

	ED:827315.6335	 DIC: 827348.8828 

	The statistics for the run are registered in:
 		SBCC_9K_LFMM.rep5_s7.4.dic.

	The zscores for variable 7 are registered in:
 		SBCC_9K_LFMM.rep5_s7.4.zscore.
	The columns are: zscores, -log10(p-values), p-values.

	-------------------------
	The execution for variable 7 worked without error.
>>>>


<<<<
	 Analyse for variable 8

		Start of the Gibbs Sampler algorithm.

	[                                                                           ]
	[===========================================================================]

		End of the Gibbs Sampler algorithm.

	ED:827315.622	 DIC: 827348.867 

	The statistics for the run are registered in:
 		SBCC_9K_LFMM.rep5_s8.4.dic.

	The zscores for variable 8 are registered in:
 		SBCC_9K_LFMM.rep5_s8.4.zscore.
	The columns are: zscores, -log10(p-values), p-values.

	-------------------------
	The execution for variable 8 worked without error.
>>>>


<<<<
	 Analyse for variable 9

		Start of the Gibbs Sampler algorithm.

	[                                                                           ]
	[===========================================================================]

		End of the Gibbs Sampler algorithm.

	ED:827315.6113	 DIC: 827348.8987 

	The statistics for the run are registered in:
 		SBCC_9K_LFMM.rep5_s9.4.dic.

	The zscores for variable 9 are registered in:
 		SBCC_9K_LFMM.rep5_s9.4.zscore.
	The columns are: zscores, -log10(p-values), p-values.

	-------------------------
	The execution for variable 9 worked without error.
>>>>


<<<<
	 Analyse for variable 10

		Start of the Gibbs Sampler algorithm.

	[                                                                           ]
	[===========================================================================]

		End of the Gibbs Sampler algorithm.

	ED:827315.6687	 DIC: 827348.9718 

	The statistics for the run are registered in:
 		SBCC_9K_LFMM.rep5_s10.4.dic.

	The zscores for variable 10 are registered in:
 		SBCC_9K_LFMM.rep5_s10.4.zscore.
	The columns are: zscores, -log10(p-values), p-values.

	-------------------------
	The execution for variable 10 worked without error.
>>>>


<<<<
	 Analyse for variable 11

		Start of the Gibbs Sampler algorithm.

	[                                                                           ]
	[===========================================================================]

		End of the Gibbs Sampler algorithm.

	ED:827315.6301	 DIC: 827348.4598 

	The statistics for the run are registered in:
 		SBCC_9K_LFMM.rep5_s11.4.dic.

	The zscores for variable 11 are registered in:
 		SBCC_9K_LFMM.rep5_s11.4.zscore.
	The columns are: zscores, -log10(p-values), p-values.

	-------------------------
	The execution for variable 11 worked without error.
>>>>


<<<<
	 Analyse for variable 12

		Start of the Gibbs Sampler algorithm.

	[                                                                           ]
	[===========================================================================]

		End of the Gibbs Sampler algorithm.

	ED:827315.5621	 DIC: 827340.413 

	The statistics for the run are registered in:
 		SBCC_9K_LFMM.rep5_s12.4.dic.

	The zscores for variable 12 are registered in:
 		SBCC_9K_LFMM.rep5_s12.4.zscore.
	The columns are: zscores, -log10(p-values), p-values.

	-------------------------
	The execution for variable 12 worked without error.
>>>>


<<<<
	 Analyse for variable 13

		Start of the Gibbs Sampler algorithm.

	[                                                                           ]
	[===========================================================================]

		End of the Gibbs Sampler algorithm.

	ED:827315.6244	 DIC: 827347.1133 

	The statistics for the run are registered in:
 		SBCC_9K_LFMM.rep5_s13.4.dic.

	The zscores for variable 13 are registered in:
 		SBCC_9K_LFMM.rep5_s13.4.zscore.
	The columns are: zscores, -log10(p-values), p-values.

	-------------------------
	The execution for variable 13 worked without error.
>>>>


<<<<
	 Analyse for variable 14

		Start of the Gibbs Sampler algorithm.

	[                                                                           ]
	[===========================================================================]

		End of the Gibbs Sampler algorithm.

	ED:827315.6555	 DIC: 827341.4032 

	The statistics for the run are registered in:
 		SBCC_9K_LFMM.rep5_s14.4.dic.

	The zscores for variable 14 are registered in:
 		SBCC_9K_LFMM.rep5_s14.4.zscore.
	The columns are: zscores, -log10(p-values), p-values.

	-------------------------
	The execution for variable 14 worked without error.
>>>>


<<<<
	 Analyse for variable 15

		Start of the Gibbs Sampler algorithm.

	[                                                                           ]
	[===========================================================================]

		End of the Gibbs Sampler algorithm.

	ED:827315.6668	 DIC: 827346.8207 

	The statistics for the run are registered in:
 		SBCC_9K_LFMM.rep5_s15.4.dic.

	The zscores for variable 15 are registered in:
 		SBCC_9K_LFMM.rep5_s15.4.zscore.
	The columns are: zscores, -log10(p-values), p-values.

	-------------------------
	The execution for variable 15 worked without error.
>>>>


<<<<
	 Analyse for variable 16

		Start of the Gibbs Sampler algorithm.

	[                                                                           ]
	[===========================================================================]

		End of the Gibbs Sampler algorithm.

	ED:827315.6381	 DIC: 827349.0426 

	The statistics for the run are registered in:
 		SBCC_9K_LFMM.rep5_s16.4.dic.

	The zscores for variable 16 are registered in:
 		SBCC_9K_LFMM.rep5_s16.4.zscore.
	The columns are: zscores, -log10(p-values), p-values.

	-------------------------
	The execution for variable 16 worked without error.
>>>>


<<<<
	 Analyse for variable 17

		Start of the Gibbs Sampler algorithm.

	[                                                                           ]
	[===========================================================================]

		End of the Gibbs Sampler algorithm.

	ED:827315.5854	 DIC: 827348.7111 

	The statistics for the run are registered in:
 		SBCC_9K_LFMM.rep5_s17.4.dic.

	The zscores for variable 17 are registered in:
 		SBCC_9K_LFMM.rep5_s17.4.zscore.
	The columns are: zscores, -log10(p-values), p-values.

	-------------------------
	The execution for variable 17 worked without error.
>>>>


<<<<
	 Analyse for variable 18

		Start of the Gibbs Sampler algorithm.

	[                                                                           ]
	[===========================================================================]

		End of the Gibbs Sampler algorithm.

	ED:827315.6202	 DIC: 827349.4816 

	The statistics for the run are registered in:
 		SBCC_9K_LFMM.rep5_s18.4.dic.

	The zscores for variable 18 are registered in:
 		SBCC_9K_LFMM.rep5_s18.4.zscore.
	The columns are: zscores, -log10(p-values), p-values.

	-------------------------
	The execution for variable 18 worked without error.
>>>>


<<<<
	 Analyse for variable 19

		Start of the Gibbs Sampler algorithm.

	[                                                                           ]
	[===========================================================================]

		End of the Gibbs Sampler algorithm.

	ED:827315.5841	 DIC: 827349.3621 

	The statistics for the run are registered in:
 		SBCC_9K_LFMM.rep5_s19.4.dic.

	The zscores for variable 19 are registered in:
 		SBCC_9K_LFMM.rep5_s19.4.zscore.
	The columns are: zscores, -log10(p-values), p-values.

	-------------------------
	The execution for variable 19 worked without error.
>>>>


<<<<
	 Analyse for variable 20

		Start of the Gibbs Sampler algorithm.

	[                                                                           ]
	[===========================================================================]

		End of the Gibbs Sampler algorithm.

	ED:827315.6503	 DIC: 827348.9443 

	The statistics for the run are registered in:
 		SBCC_9K_LFMM.rep5_s20.4.dic.

	The zscores for variable 20 are registered in:
 		SBCC_9K_LFMM.rep5_s20.4.zscore.
	The columns are: zscores, -log10(p-values), p-values.

	-------------------------
	The execution for variable 20 worked without error.
>>>>


<<<<
	 Analyse for variable 21

		Start of the Gibbs Sampler algorithm.

	[                                                                           ]
	[===========================================================================]

		End of the Gibbs Sampler algorithm.

	ED:827315.6364	 DIC: 827341.0103 

	The statistics for the run are registered in:
 		SBCC_9K_LFMM.rep5_s21.4.dic.

	The zscores for variable 21 are registered in:
 		SBCC_9K_LFMM.rep5_s21.4.zscore.
	The columns are: zscores, -log10(p-values), p-values.

	-------------------------
	The execution for variable 21 worked without error.
>>>>

