LFMM  Copyright (C) 2012 Eric Frichot
This program comes with ABSOLUTELY NO WARRANTY; for details type './LFMM -l'.
This is free software, and you are welcome to redistribute it
under certain conditions; type './LFMM -l' for details.

****                         LFMM Version 1.3                                   *****
****           E. Frichot, S. Schoville, G. Bouchard, O. Francois               *****
****                         Please cite our paper !                            *****
****   Information at http://membres-timc.imag.fr/Olivier.Francois/lfmm/        *****

/home/contrera/soft/LFMM_CL_v1.5/bin/LFMM -x SBCC_9K_LFMM.imputed.tr.tsv -v SBCC_environfile.tr.tsv -K 4 -p 5 -i 50000 -b 25000 -s 12345 -o SBCC_9K_LFMM.rep1 
Summary of the options:

        -n (number of individuals)      135
        -L (number of loci)             6128
        -K (number of latent factors)   4
        -o (output file)                SBCC_9K_LFMM.rep1
        -i (number of iterations)       50000
        -b (burnin)                     25000
        -s (seed random init)           12345
        -p (number of processes (CPU))  5
        -x (genotype file)              SBCC_9K_LFMM.imputed.tr.tsv
        -v (variable file)              SBCC_environfile.tr.tsv
        -D (number of covariables)      21

Read variable file:
 	SBCC_environfile.tr.tsv		OK.

WARNING: You launched LFMM command line with several variables. The model will be
	launched sequentially (independently) for each variable.

Read genotype file:
 	SBCC_9K_LFMM.imputed.tr.tsv		OK.

<<<<
	 Analyse for variable 1

		Start of the Gibbs Sampler algorithm.

	[                                                                           ]
	[===========================================================================]

		End of the Gibbs Sampler algorithm.

	ED:827282.4992	 DIC: 827282.6565 

	The statistics for the run are registered in:
 		SBCC_9K_LFMM.rep1_s1.4.dic.

	The zscores for variable 1 are registered in:
 		SBCC_9K_LFMM.rep1_s1.4.zscore.
	The columns are: zscores, -log10(p-values), p-values.

	-------------------------
	The execution for variable 1 worked without error.
>>>>


<<<<
	 Analyse for variable 2

		Start of the Gibbs Sampler algorithm.

	[                                                                           ]
	[===========================================================================]

		End of the Gibbs Sampler algorithm.

	ED:827315.5981	 DIC: 827341.984 

	The statistics for the run are registered in:
 		SBCC_9K_LFMM.rep1_s2.4.dic.

	The zscores for variable 2 are registered in:
 		SBCC_9K_LFMM.rep1_s2.4.zscore.
	The columns are: zscores, -log10(p-values), p-values.

	-------------------------
	The execution for variable 2 worked without error.
>>>>


<<<<
	 Analyse for variable 3

		Start of the Gibbs Sampler algorithm.

	[                                                                           ]
	[===========================================================================]

		End of the Gibbs Sampler algorithm.

	ED:827315.6169	 DIC: 827348.7992 

	The statistics for the run are registered in:
 		SBCC_9K_LFMM.rep1_s3.4.dic.

	The zscores for variable 3 are registered in:
 		SBCC_9K_LFMM.rep1_s3.4.zscore.
	The columns are: zscores, -log10(p-values), p-values.

	-------------------------
	The execution for variable 3 worked without error.
>>>>


<<<<
	 Analyse for variable 4

		Start of the Gibbs Sampler algorithm.

	[                                                                           ]
	[===========================================================================]

		End of the Gibbs Sampler algorithm.

	ED:827315.6522	 DIC: 827347.7172 

	The statistics for the run are registered in:
 		SBCC_9K_LFMM.rep1_s4.4.dic.

	The zscores for variable 4 are registered in:
 		SBCC_9K_LFMM.rep1_s4.4.zscore.
	The columns are: zscores, -log10(p-values), p-values.

	-------------------------
	The execution for variable 4 worked without error.
>>>>


<<<<
	 Analyse for variable 5

		Start of the Gibbs Sampler algorithm.

	[                                                                           ]
	[===========================================================================]

		End of the Gibbs Sampler algorithm.

	ED:827315.6029	 DIC: 827348.9269 

	The statistics for the run are registered in:
 		SBCC_9K_LFMM.rep1_s5.4.dic.

	The zscores for variable 5 are registered in:
 		SBCC_9K_LFMM.rep1_s5.4.zscore.
	The columns are: zscores, -log10(p-values), p-values.

	-------------------------
	The execution for variable 5 worked without error.
>>>>


<<<<
	 Analyse for variable 6

		Start of the Gibbs Sampler algorithm.

	[                                                                           ]
	[===========================================================================]

		End of the Gibbs Sampler algorithm.

	ED:827315.5958	 DIC: 827349.0776 

	The statistics for the run are registered in:
 		SBCC_9K_LFMM.rep1_s6.4.dic.

	The zscores for variable 6 are registered in:
 		SBCC_9K_LFMM.rep1_s6.4.zscore.
	The columns are: zscores, -log10(p-values), p-values.

	-------------------------
	The execution for variable 6 worked without error.
>>>>


<<<<
	 Analyse for variable 7

		Start of the Gibbs Sampler algorithm.

	[                                                                           ]
	[===========================================================================]

		End of the Gibbs Sampler algorithm.

	ED:827315.5727	 DIC: 827348.8325 

	The statistics for the run are registered in:
 		SBCC_9K_LFMM.rep1_s7.4.dic.

	The zscores for variable 7 are registered in:
 		SBCC_9K_LFMM.rep1_s7.4.zscore.
	The columns are: zscores, -log10(p-values), p-values.

	-------------------------
	The execution for variable 7 worked without error.
>>>>


<<<<
	 Analyse for variable 8

		Start of the Gibbs Sampler algorithm.

	[                                                                           ]
	[===========================================================================]

		End of the Gibbs Sampler algorithm.

	ED:827315.5817	 DIC: 827348.9031 

	The statistics for the run are registered in:
 		SBCC_9K_LFMM.rep1_s8.4.dic.

	The zscores for variable 8 are registered in:
 		SBCC_9K_LFMM.rep1_s8.4.zscore.
	The columns are: zscores, -log10(p-values), p-values.

	-------------------------
	The execution for variable 8 worked without error.
>>>>


<<<<
	 Analyse for variable 9

		Start of the Gibbs Sampler algorithm.

	[                                                                           ]
	[===========================================================================]

		End of the Gibbs Sampler algorithm.

	ED:827315.6423	 DIC: 827343.6848 

	The statistics for the run are registered in:
 		SBCC_9K_LFMM.rep1_s9.4.dic.

	The zscores for variable 9 are registered in:
 		SBCC_9K_LFMM.rep1_s9.4.zscore.
	The columns are: zscores, -log10(p-values), p-values.

	-------------------------
	The execution for variable 9 worked without error.
>>>>


<<<<
	 Analyse for variable 10

		Start of the Gibbs Sampler algorithm.

	[                                                                           ]
	[===========================================================================]

		End of the Gibbs Sampler algorithm.

	ED:827315.5657	 DIC: 827348.5331 

	The statistics for the run are registered in:
 		SBCC_9K_LFMM.rep1_s10.4.dic.

	The zscores for variable 10 are registered in:
 		SBCC_9K_LFMM.rep1_s10.4.zscore.
	The columns are: zscores, -log10(p-values), p-values.

	-------------------------
	The execution for variable 10 worked without error.
>>>>


<<<<
	 Analyse for variable 11

		Start of the Gibbs Sampler algorithm.

	[                                                                           ]
	[===========================================================================]

		End of the Gibbs Sampler algorithm.

	ED:827315.663	 DIC: 827347.2823 

	The statistics for the run are registered in:
 		SBCC_9K_LFMM.rep1_s11.4.dic.

	The zscores for variable 11 are registered in:
 		SBCC_9K_LFMM.rep1_s11.4.zscore.
	The columns are: zscores, -log10(p-values), p-values.

	-------------------------
	The execution for variable 11 worked without error.
>>>>


<<<<
	 Analyse for variable 12

		Start of the Gibbs Sampler algorithm.

	[                                                                           ]
	[===========================================================================]

		End of the Gibbs Sampler algorithm.

	ED:827315.5998	 DIC: 827348.9102 

	The statistics for the run are registered in:
 		SBCC_9K_LFMM.rep1_s12.4.dic.

	The zscores for variable 12 are registered in:
 		SBCC_9K_LFMM.rep1_s12.4.zscore.
	The columns are: zscores, -log10(p-values), p-values.

	-------------------------
	The execution for variable 12 worked without error.
>>>>


<<<<
	 Analyse for variable 13

		Start of the Gibbs Sampler algorithm.

	[                                                                           ]
	[===========================================================================]

		End of the Gibbs Sampler algorithm.

	ED:827315.5954	 DIC: 827348.4041 

	The statistics for the run are registered in:
 		SBCC_9K_LFMM.rep1_s13.4.dic.

	The zscores for variable 13 are registered in:
 		SBCC_9K_LFMM.rep1_s13.4.zscore.
	The columns are: zscores, -log10(p-values), p-values.

	-------------------------
	The execution for variable 13 worked without error.
>>>>


<<<<
	 Analyse for variable 14

		Start of the Gibbs Sampler algorithm.

	[                                                                           ]
	[===========================================================================]

		End of the Gibbs Sampler algorithm.

	ED:827315.6185	 DIC: 827329.1081 

	The statistics for the run are registered in:
 		SBCC_9K_LFMM.rep1_s14.4.dic.

	The zscores for variable 14 are registered in:
 		SBCC_9K_LFMM.rep1_s14.4.zscore.
	The columns are: zscores, -log10(p-values), p-values.

	-------------------------
	The execution for variable 14 worked without error.
>>>>


<<<<
	 Analyse for variable 15

		Start of the Gibbs Sampler algorithm.

	[                                                                           ]
	[===========================================================================]

		End of the Gibbs Sampler algorithm.

	ED:827315.6098	 DIC: 827346.3744 

	The statistics for the run are registered in:
 		SBCC_9K_LFMM.rep1_s15.4.dic.

	The zscores for variable 15 are registered in:
 		SBCC_9K_LFMM.rep1_s15.4.zscore.
	The columns are: zscores, -log10(p-values), p-values.

	-------------------------
	The execution for variable 15 worked without error.
>>>>


<<<<
	 Analyse for variable 16

		Start of the Gibbs Sampler algorithm.

	[                                                                           ]
	[===========================================================================]

		End of the Gibbs Sampler algorithm.

	ED:827315.6352	 DIC: 827348.7676 

	The statistics for the run are registered in:
 		SBCC_9K_LFMM.rep1_s16.4.dic.

	The zscores for variable 16 are registered in:
 		SBCC_9K_LFMM.rep1_s16.4.zscore.
	The columns are: zscores, -log10(p-values), p-values.

	-------------------------
	The execution for variable 16 worked without error.
>>>>


<<<<
	 Analyse for variable 17

		Start of the Gibbs Sampler algorithm.

	[                                                                           ]
	[===========================================================================]

		End of the Gibbs Sampler algorithm.

	ED:827315.6022	 DIC: 827349.3102 

	The statistics for the run are registered in:
 		SBCC_9K_LFMM.rep1_s17.4.dic.

	The zscores for variable 17 are registered in:
 		SBCC_9K_LFMM.rep1_s17.4.zscore.
	The columns are: zscores, -log10(p-values), p-values.

	-------------------------
	The execution for variable 17 worked without error.
>>>>


<<<<
	 Analyse for variable 18

		Start of the Gibbs Sampler algorithm.

	[                                                                           ]
	[===========================================================================]

		End of the Gibbs Sampler algorithm.

	ED:827315.6027	 DIC: 827348.9724 

	The statistics for the run are registered in:
 		SBCC_9K_LFMM.rep1_s18.4.dic.

	The zscores for variable 18 are registered in:
 		SBCC_9K_LFMM.rep1_s18.4.zscore.
	The columns are: zscores, -log10(p-values), p-values.

	-------------------------
	The execution for variable 18 worked without error.
>>>>


<<<<
	 Analyse for variable 19

		Start of the Gibbs Sampler algorithm.

	[                                                                           ]
	[===========================================================================]

		End of the Gibbs Sampler algorithm.

	ED:827315.5996	 DIC: 827348.6882 

	The statistics for the run are registered in:
 		SBCC_9K_LFMM.rep1_s19.4.dic.

	The zscores for variable 19 are registered in:
 		SBCC_9K_LFMM.rep1_s19.4.zscore.
	The columns are: zscores, -log10(p-values), p-values.

	-------------------------
	The execution for variable 19 worked without error.
>>>>


<<<<
	 Analyse for variable 20

		Start of the Gibbs Sampler algorithm.

	[                                                                           ]
	[===========================================================================]

		End of the Gibbs Sampler algorithm.

	ED:827315.6024	 DIC: 827348.7721 

	The statistics for the run are registered in:
 		SBCC_9K_LFMM.rep1_s20.4.dic.

	The zscores for variable 20 are registered in:
 		SBCC_9K_LFMM.rep1_s20.4.zscore.
	The columns are: zscores, -log10(p-values), p-values.

	-------------------------
	The execution for variable 20 worked without error.
>>>>


<<<<
	 Analyse for variable 21

		Start of the Gibbs Sampler algorithm.

	[                                                                           ]
	[===========================================================================]

		End of the Gibbs Sampler algorithm.

	ED:827315.6415	 DIC: 827347.264 

	The statistics for the run are registered in:
 		SBCC_9K_LFMM.rep1_s21.4.dic.

	The zscores for variable 21 are registered in:
 		SBCC_9K_LFMM.rep1_s21.4.zscore.
	The columns are: zscores, -log10(p-values), p-values.

	-------------------------
	The execution for variable 21 worked without error.
>>>>

